<?xml version="1.0" encoding="UTF-8"?>
<!-- Generated by org.testng.reporters.JUnitXMLReporter -->
<testsuite hostname="DESKTOP-K1SDGBA" name="test1(failed)" tests="1" failures="1" timestamp="16 Nov 2020 10:58:47 GMT" time="28.391" errors="0">
  <testcase name="@AfterMethod getResult" time="0.0" classname="com.tt.MB_Test.TC_Mobile_CompoundAccessCode">
    <failure type="java.lang.NullPointerException">
      <![CDATA[java.lang.NullPointerException
	at com.tt.utility.BaseTest.getResult(BaseTest.java:175)
... Removed 26 stack frames]]>
    </failure>
  </testcase> <!-- @AfterMethod getResult -->
  <testcase name="@AfterTest driverclose" time="0.0" classname="com.tt.admin.TC_CompoundAccessCodes">
    <skipped/>
  </testcase> <!-- @AfterTest driverclose -->
  <testcase name="compound" time="14.768" classname="com.tt.MB_Test.TC_Mobile_CompoundAccessCode">
    <failure type="java.lang.IllegalArgumentException" message="Keys to send should be a not null CharSequence">
      <![CDATA[java.lang.IllegalArgumentException: Keys to send should be a not null CharSequence
	at org.openqa.selenium.remote.RemoteWebElement.sendKeys(RemoteWebElement.java:97)
	at org.openqa.selenium.support.pagefactory.internal.LocatingElementHandler.invoke(LocatingElementHandler.java:51)
	at com.sun.proxy.$Proxy16.sendKeys(Unknown Source)
	at com.tt.MB.Mobile_CompoundAccessCode.Entercode(Mobile_CompoundAccessCode.java:250)
	at com.tt.MB_Test.TC_Mobile_CompoundAccessCode.compound(TC_Mobile_CompoundAccessCode.java:61)
... Removed 28 stack frames]]>
    </failure>
  </testcase> <!-- compound -->
</testsuite> <!-- test1(failed) -->
