<?xml version="1.0" encoding="UTF-8"?>
<!-- Generated by org.testng.reporters.JUnitXMLReporter -->
<testsuite hostname="DESKTOP-K1SDGBA" name="Admin_Tests" tests="5" failures="0" timestamp="25 Aug 2020 11:06:13 GMT" time="115.734" errors="0">
  <testcase name="test" time="6.765" classname="com.tt.admin.TC_Admin_Login"/>
  <testcase name="brandSelection" time="51.711" classname="com.tt.admin.TC_Brand_Selection"/>
  <testcase name="selProperty" time="6.61" classname="com.tt.admin.TC_Select_Property"/>
  <testcase name="test" time="18.674" classname="com.tt.admin.TC_Property_Branding"/>
  <testcase name="NewAlternateproperty" time="14.953" classname="com.tt.admin.TC_AlternateProperties"/>
</testsuite> <!-- Admin_Tests -->
