<?xml version="1.0" encoding="UTF-8"?>
<!-- Generated by org.testng.reporters.JUnitXMLReporter -->
<testsuite hostname="DESKTOP-9JNEA63" failures="0" tests="3" name="Booking special Rates and PromoURLBooking " time="467.917" errors="0" timestamp="23 Sep 2019 10:34:57 GMT">
  <testcase classname="com.tt.admin.TC_SpecialRate_dates" name="specialrateplan" time="158.92"/>
  <testcase classname="com.tt.BE.TC_BookingAtSpecialRates" name="SpecialRateplan" time="160.757"/>
  <testcase classname="com.tt.BE.TC_PromoURLBooking" name="offercode" time="144.562"/>
</testsuite> <!-- Booking special Rates and PromoURLBooking  -->
