<?xml version="1.0" encoding="UTF-8"?>
<!-- Generated by org.testng.reporters.JUnitXMLReporter -->
<testsuite hostname="DESKTOP-9JNEA63" failures="2" tests="3" name="CallCenter New,Modify,Cancel Booking" time="1954.138" errors="0" timestamp="19 Sep 2019 06:51:43 GMT">
  <testcase classname="Reusable_BE.TC_CallCenter_New_Modify_CancelBooking" name="Rates" time="82.605"/>
  <testcase classname="Reusable_BE.TC_CallCenter_New_Modify_CancelBooking" name="Callcenter" time="159.742">
    <failure type="java.lang.AssertionError" message="expected [true] but found [false]">
      <![CDATA[java.lang.AssertionError: expected [true] but found [false]
	at Reusable_BE.TC_CallCenter_New_Modify_CancelBooking.Callcenter(TC_CallCenter_New_Modify_CancelBooking.java:284)
... Removed 29 stack frames]]>
    </failure>
  </testcase> <!-- Callcenter -->
  <testcase classname="Reusable_BE.TC_CallCenter_New_Modify_CancelBooking" name="Callcenter" time="1677.019">
    <failure type="java.lang.AssertionError" message="expected [true] but found [false]">
      <![CDATA[java.lang.AssertionError: expected [true] but found [false]
	at Reusable_BE.TC_CallCenter_New_Modify_CancelBooking.Callcenter(TC_CallCenter_New_Modify_CancelBooking.java:284)
... Removed 29 stack frames]]>
    </failure>
  </testcase> <!-- Callcenter -->
</testsuite> <!-- CallCenter New,Modify,Cancel Booking -->
