<?xml version="1.0" encoding="UTF-8"?>
<!-- Generated by org.testng.reporters.JUnitXMLReporter -->
<testsuite hostname="DESKTOP-K1SDGBA" name="MobileModifyBooking" tests="6" failures="0" timestamp="7 Aug 2020 09:05:16 GMT" time="200.503" errors="0">
  <testcase name="test" time="11.061" classname="com.tt.admin.TC_Admin_Login"/>
  <testcase name="brandSelection" time="15.703" classname="com.tt.admin.TC_Brand_Selection"/>
  <testcase name="selProperty" time="6.176" classname="com.tt.admin.TC_Select_Property"/>
  <testcase name="rategrid" time="80.224" classname="com.tt.MB_Test.TC_MobileModifyBooking"/>
  <testcase name="Flow" time="80.117" classname="com.tt.MB_Test.TC_MobileModifyBooking"/>
  <testcase name="CountComparision" time="0.003" classname="com.tt.MB_Test.TC_MobileModifyBooking"/>
</testsuite> <!-- MobileModifyBooking -->
