<?xml version="1.0" encoding="UTF-8"?>
<!-- Generated by org.testng.reporters.JUnitXMLReporter -->
<testsuite hostname="DESKTOP-K1SDGBA" name="MobileCancelBooking" tests="6" failures="0" timestamp="7 Aug 2020 09:08:37 GMT" time="200.757" errors="0">
  <testcase name="test" time="9.86" classname="com.tt.admin.TC_Admin_Login"/>
  <testcase name="brandSelection" time="15.919" classname="com.tt.admin.TC_Brand_Selection"/>
  <testcase name="selProperty" time="6.16" classname="com.tt.admin.TC_Select_Property"/>
  <testcase name="rategrid" time="80.216" classname="com.tt.MB_Test.TC_MobileCancelBooking"/>
  <testcase name="Flow" time="78.435" classname="com.tt.MB_Test.TC_MobileCancelBooking"/>
  <testcase name="CountComparision" time="0.004" classname="com.tt.MB_Test.TC_MobileCancelBooking"/>
</testsuite> <!-- MobileCancelBooking -->
