<?xml version="1.0" encoding="UTF-8"?>
<!-- Generated by org.testng.reporters.JUnitXMLReporter -->
<testsuite hostname="DESKTOP-9JNEA63" failures="2" tests="3" name="Mobile ew,Modify,Cancel Booking" time="163.395" errors="0" timestamp="19 Sep 2019 06:54:26 GMT">
  <testcase classname="Reusable_BE.TC_Mobile_New_Modify_CancelBooking" name="rategrid" time="82.324"/>
  <testcase classname="Reusable_BE.TC_Mobile_New_Modify_CancelBooking" name="Flow" time="43.679">
    <failure type="java.lang.AssertionError" message="expected [true] but found [false]">
      <![CDATA[java.lang.AssertionError: expected [true] but found [false]
	at Reusable_BE.TC_Mobile_New_Modify_CancelBooking.Flow(TC_Mobile_New_Modify_CancelBooking.java:206)
... Removed 29 stack frames]]>
    </failure>
  </testcase> <!-- Flow -->
  <testcase classname="Reusable_BE.TC_Mobile_New_Modify_CancelBooking" name="Flow" time="34.716">
    <failure type="java.lang.AssertionError" message="expected [true] but found [false]">
      <![CDATA[java.lang.AssertionError: expected [true] but found [false]
	at Reusable_BE.TC_Mobile_New_Modify_CancelBooking.Flow(TC_Mobile_New_Modify_CancelBooking.java:206)
... Removed 29 stack frames]]>
    </failure>
  </testcase> <!-- Flow -->
</testsuite> <!-- Mobile ew,Modify,Cancel Booking -->
