<?xml version="1.0" encoding="UTF-8"?>
<!-- Generated by org.testng.reporters.JUnitXMLReporter -->
<testsuite hostname="DESKTOP-9JNEA63" failures="2" tests="3" name="Standard New,Modify,Cancel Booking" time="182.189" errors="0" timestamp="30 Sep 2019 14:48:02 GMT">
  <testcase classname="com.tt.BE.TC_IBE_Config_Standard" name="StandardFlow" time="29.098"/>
  <testcase classname="Reusable_BE.TC_Standard_New_Modfiy_CancelBooking" name="rategrid" time="102.642">
    <failure type="java.lang.AssertionError" message="expected [false] but found [true]">
      <![CDATA[java.lang.AssertionError: expected [false] but found [true]
	at Reusable_BE.TC_Standard_New_Modfiy_CancelBooking.rategrid(TC_Standard_New_Modfiy_CancelBooking.java:111)
... Removed 29 stack frames]]>
    </failure>
  </testcase> <!-- rategrid -->
  <testcase classname="Reusable_BE.TC_Standard_New_Modfiy_CancelBooking" name="Flow" time="43.576">
    <failure type="java.lang.AssertionError" message="expected [false] but found [true]">
      <![CDATA[java.lang.AssertionError: expected [false] but found [true]
	at Reusable_BE.TC_Standard_New_Modfiy_CancelBooking.Flow(TC_Standard_New_Modfiy_CancelBooking.java:283)
... Removed 29 stack frames]]>
    </failure>
  </testcase> <!-- Flow -->
</testsuite> <!-- Standard New,Modify,Cancel Booking -->
