<?xml version="1.0" encoding="UTF-8"?>
<!-- Generated by org.testng.reporters.JUnitXMLReporter -->
<testsuite hostname="DESKTOP-9JNEA63" failures="2" tests="3" name="Yankee New,Modify,Cancel Booking" time="163.065" errors="0" timestamp="30 Sep 2019 14:44:59 GMT">
  <testcase classname="com.tt.BE.TC_IBE_Config_Yankee" name="Flow" time="23.196"/>
  <testcase classname="Reusable_BE.TC_YankeeFlow_New_Modify_CancelBooking" name="rategrid" time="78.524">
    <failure type="java.lang.AssertionError" message="expected [true] but found [false]">
      <![CDATA[java.lang.AssertionError: expected [true] but found [false]
	at Reusable_BE.TC_YankeeFlow_New_Modify_CancelBooking.rategrid(TC_YankeeFlow_New_Modify_CancelBooking.java:107)
... Removed 29 stack frames]]>
    </failure>
  </testcase> <!-- rategrid -->
  <testcase classname="Reusable_BE.TC_YankeeFlow_New_Modify_CancelBooking" name="Flow" time="57.07">
    <failure type="java.lang.AssertionError" message="expected [true] but found [false]">
      <![CDATA[java.lang.AssertionError: expected [true] but found [false]
	at Reusable_BE.TC_YankeeFlow_New_Modify_CancelBooking.Flow(TC_YankeeFlow_New_Modify_CancelBooking.java:264)
... Removed 29 stack frames]]>
    </failure>
  </testcase> <!-- Flow -->
</testsuite> <!-- Yankee New,Modify,Cancel Booking -->
